# Logfile created on 2012-04-20 16:40:28 +0200 by logger.rb/31641
REQUESTING PAGE: GET users/sign_in with {} and HTTP headers {}
REQUESTING PAGE: POST /users/sign_in with {"utf8"=>"✓", "user"=>{"email"=>"ryan@example.com", "password"=>"secret", "remember_me"=>"0"}, "commit"=>"Sign in"} and HTTP headers {"HTTP_REFERER"=>"users/sign_in"}
REQUESTING PAGE: GET http://example.org/user_root with {} and HTTP headers {"HTTP_REFERER"=>"/users/sign_in"}
REQUESTING PAGE: GET http://example.org/users/980190963 with {} and HTTP headers {"HTTP_REFERER"=>"http://example.org/user_root"}
REQUESTING PAGE: GET http://example.org/users/980190963/application with {} and HTTP headers {"HTTP_REFERER"=>"http://example.org/users/980190963"}
REQUESTING PAGE: GET http://example.org/users/980190963 with {} and HTTP headers {"HTTP_REFERER"=>"http://example.org/users/980190963/application"}
REQUESTING PAGE: GET users/sign_in with {} and HTTP headers {}
REQUESTING PAGE: POST /users/sign_in with {"utf8"=>"✓", "user"=>{"email"=>"ryan@example.com", "password"=>"secret", "remember_me"=>"0"}, "commit"=>"Sign in"} and HTTP headers {"HTTP_REFERER"=>"users/sign_in"}
REQUESTING PAGE: GET http://example.org/user_root with {} and HTTP headers {"HTTP_REFERER"=>"/users/sign_in"}
REQUESTING PAGE: GET http://example.org/users/980190963 with {} and HTTP headers {"HTTP_REFERER"=>"http://example.org/user_root"}
REQUESTING PAGE: GET http://example.org/users/980190963/application with {} and HTTP headers {"HTTP_REFERER"=>"http://example.org/users/980190963"}
REQUESTING PAGE: GET http://example.org/applicants/new with {} and HTTP headers {"HTTP_REFERER"=>"http://example.org/users/980190963/application"}
REQUESTING PAGE: GET users/sign_in with {} and HTTP headers {}
REQUESTING PAGE: POST /users/sign_in with {"utf8"=>"✓", "user"=>{"email"=>"ryan@example.com", "password"=>"secret", "remember_me"=>"0"}, "commit"=>"Sign in"} and HTTP headers {"HTTP_REFERER"=>"users/sign_in"}
REQUESTING PAGE: GET http://example.org/user_root with {} and HTTP headers {"HTTP_REFERER"=>"/users/sign_in"}
REQUESTING PAGE: GET http://example.org/users/980190963 with {} and HTTP headers {"HTTP_REFERER"=>"http://example.org/user_root"}
REQUESTING PAGE: GET http://example.org/users/980190963/application with {} and HTTP headers {"HTTP_REFERER"=>"http://example.org/users/980190963"}
REQUESTING PAGE: GET http://example.org/applicants/new with {} and HTTP headers {"HTTP_REFERER"=>"http://example.org/users/980190963/application"}
REQUESTING PAGE: POST /applicants with {"utf8"=>"✓", "applicant"=>{"photo"=>"", "first_name"=>"", "middle_name"=>"", "last_name"=>"", "date_of_birth(1i)"=>"", "date_of_birth(2i)"=>"", "date_of_birth(3i)"=>"", "place_of_birth"=>"", "gender"=>"", "military_status"=>"Does not apply", "national_id"=>"", "national_id_expiry_date(1i)"=>"", "national_id_expiry_date(2i)"=>"", "national_id_expiry_date(3i)"=>"", "passport_number"=>"", "country_of_issuance"=>"", "passport_expiry_date(1i)"=>"", "passport_expiry_date(2i)"=>"", "passport_expiry_date(3i)"=>"", "academic_honours"=>"", "extra_activities"=>"", "transportation"=>"", "addresses_attributes"=>{"0"=>{"address"=>"", "telephone"=>"", "mobile"=>"", "fax"=>"", "address_type"=>""}, "1"=>{"address"=>"", "telephone"=>"", "mobile"=>"", "fax"=>"", "address_type"=>""}}, "admission_information_attributes"=>{"semester_id"=>"", "program_id"=>"", "major_id"=>"", "toefl_test_results"=>"", "toefl_test_date(1i)"=>"", "toefl_test_date(2i)"=>"", "toefl_test_date(3i)"=>"", "proficiency_test"=>""}, "guardians_attributes"=>{"0"=>{"first_name"=>"", "middle_name"=>"", "last_name"=>"", "address"=>"", "telephone"=>"", "mobile"=>"", "occupation"=>"", "company_name"=>"", "business_telephone"=>"", "email"=>"", "fax"=>"", "business_address"=>"", "relation"=>"", "relation2"=>"", "financial"=>""}, "1"=>{"first_name"=>"", "middle_name"=>"", "last_name"=>"", "address"=>"", "telephone"=>"", "mobile"=>"", "occupation"=>"", "company_name"=>"", "business_telephone"=>"", "email"=>"", "fax"=>"", "business_address"=>"", "relation"=>"", "relation2"=>"", "financial"=>""}}, "secondary_schools_attributes"=>{"0"=>{"name"=>"", "address"=>"", "language"=>"", "attended_from(1i)"=>"", "attended_from(2i)"=>"", "attended_from(3i)"=>"", "attended_to(1i)"=>"", "attended_to(2i)"=>"", "attended_to(3i)"=>"", "certificate_type"=>"", "graduation_date(1i)"=>"", "graduation_date(2i)"=>"", "graduation_date(3i)"=>"", "division"=>"", "school_type"=>"", "_destroy"=>"false"}}, "colleges_attributes"=>{"0"=>{"name"=>"", "faculty"=>"", "major"=>"", "city"=>"", "country"=>"", "attended_from(1i)"=>"", "attended_from(2i)"=>"", "attended_from(3i)"=>"", "attended_to(1i)"=>"", "attended_to(2i)"=>"", "attended_to(3i)"=>"", "language"=>"", "gpa"=>"", "_destroy"=>"false"}}, "works_attributes"=>{"0"=>{"employer"=>"", "worked_from(1i)"=>"", "worked_from(2i)"=>"", "worked_from(3i)"=>"", "worked_to(1i)"=>"", "worked_to(2i)"=>"", "worked_to(3i)"=>"", "tasks"=>"", "_destroy"=>"false"}}, "healths_attributes"=>{"0"=>{"illness"=>"", "description"=>"", "_destroy"=>"false"}}, "attachment_attributes"=>{"id"=>"", "school_certificates"=>"", "additional_information"=>"", "personal_experience"=>""}, "uni_related_info_attributes"=>{"uni_choice_attributes"=>{"internet"=>"0", "email"=>"0", "radio"=>"0", "school_visits"=>"0", "nile_university_faculty_and_staff"=>"0", "nile_university_student_and_alumni"=>"0", "print_advertisements"=>"0", "specify_print_advertisements"=>"", "nu_seminar_workshop_and_conference"=>"0", "specify_nu_seminar"=>"", "other"=>"0", "specify_other"=>""}, "factors"=>"", "majors"=>"", "other_universities"=>"", "other_choice_attributes"=>{"quality"=>"0", "reputation"=>"0", "facilities"=>"0", "location"=>"0", "fields_of_study"=>"0", "specify_fields_of_study"=>"", "other"=>"0", "specify_other"=>""}}}, "save"=>"Save"} and HTTP headers {"HTTP_REFERER"=>"http://example.org/applicants/new"}
REQUESTING PAGE: GET users/sign_in with {} and HTTP headers {}
REQUESTING PAGE: POST /users/sign_in with {"utf8"=>"✓", "user"=>{"email"=>"ryan@example.com", "password"=>"secret", "remember_me"=>"0"}, "commit"=>"Sign in"} and HTTP headers {"HTTP_REFERER"=>"users/sign_in"}
REQUESTING PAGE: GET http://example.org/user_root with {} and HTTP headers {"HTTP_REFERER"=>"/users/sign_in"}
REQUESTING PAGE: GET http://example.org/users/980190963 with {} and HTTP headers {"HTTP_REFERER"=>"http://example.org/user_root"}
REQUESTING PAGE: GET http://example.org/users/980190963/application with {} and HTTP headers {"HTTP_REFERER"=>"http://example.org/users/980190963"}
REQUESTING PAGE: GET http://example.org/applicants/new with {} and HTTP headers {"HTTP_REFERER"=>"http://example.org/users/980190963/application"}
REQUESTING PAGE: POST /applicants with {"utf8"=>"✓", "applicant"=>{"photo"=>"", "first_name"=>"", "middle_name"=>"Mohamed", "last_name"=>"Yassen", "date_of_birth(1i)"=>"1988", "date_of_birth(2i)"=>"3", "date_of_birth(3i)"=>"2", "place_of_birth"=>"Cairo, Egypt", "gender"=>"Male", "military_status"=>"Exempted", "national_id"=>"8375", "national_id_expiry_date(1i)"=>"2012", "national_id_expiry_date(2i)"=>"6", "national_id_expiry_date(3i)"=>"2", "passport_number"=>"989123", "country_of_issuance"=>"Egypt", "passport_expiry_date(1i)"=>"2012", "passport_expiry_date(2i)"=>"6", "passport_expiry_date(3i)"=>"2", "academic_honours"=>"", "extra_activities"=>"", "transportation"=>"Private", "addresses_attributes"=>{"0"=>{"address"=>"MyText", "telephone"=>"227722772", "mobile"=>"", "fax"=>"", "address_type"=>"Both"}, "1"=>{"address"=>"MyText", "telephone"=>"227722772", "mobile"=>"23045626", "fax"=>"", "address_type"=>"Both"}}, "admission_information_attributes"=>{"semester_id"=>"980190963", "program_id"=>"980190963", "major_id"=>"", "toefl_test_results"=>"123", "toefl_test_date(1i)"=>"2010", "toefl_test_date(2i)"=>"6", "toefl_test_date(3i)"=>"2", "proficiency_test"=>""}, "guardians_attributes"=>{"0"=>{"first_name"=>"Ahmed", "middle_name"=>"", "last_name"=>"alaa", "address"=>"home address street", "telephone"=>"1231221", "mobile"=>"21312083", "occupation"=>"Doctor", "company_name"=>"", "business_telephone"=>"1231221", "email"=>"email@email.com", "fax"=>"", "business_address"=>"", "relation"=>"", "relation2"=>"", "financial"=>"true"}, "1"=>{"first_name"=>"Ahmed", "middle_name"=>"", "last_name"=>"alaa", "address"=>"home address street", "telephone"=>"1231221", "mobile"=>"21312083", "occupation"=>"Doctor", "company_name"=>"", "business_telephone"=>"1231221", "email"=>"email1@email.com", "fax"=>"", "business_address"=>"", "relation"=>"", "relation2"=>"", "financial"=>"true"}}, "secondary_schools_attributes"=>{"0"=>{"name"=>"ELS", "address"=>"Nasrcity", "language"=>"English", "attended_from(1i)"=>"2005", "attended_from(2i)"=>"3", "attended_from(3i)"=>"2", "attended_to(1i)"=>"2008", "attended_to(2i)"=>"3", "attended_to(3i)"=>"3", "certificate_type"=>"IG", "graduation_date(1i)"=>"2008", "graduation_date(2i)"=>"3", "graduation_date(3i)"=>"30", "division"=>"", "school_type"=>"Private", "_destroy"=>"false"}}, "colleges_attributes"=>{"0"=>{"name"=>"ahmed", "faculty"=>"faculty", "major"=>"major", "city"=>"cairo", "country"=>"Egypt", "attended_from(1i)"=>"2008", "attended_from(2i)"=>"3", "attended_from(3i)"=>"2", "attended_to(1i)"=>"2009", "attended_to(2i)"=>"3", "attended_to(3i)"=>"3", "language"=>"English", "gpa"=>"4.0", "_destroy"=>"false"}}, "works_attributes"=>{"0"=>{"employer"=>"IT", "worked_from(1i)"=>"2010", "worked_from(2i)"=>"3", "worked_from(3i)"=>"2", "worked_to(1i)"=>"2010", "worked_to(2i)"=>"4", "worked_to(3i)"=>"2", "tasks"=>"IT", "_destroy"=>"false"}}, "healths_attributes"=>{"0"=>{"illness"=>"fever", "description"=>"", "_destroy"=>"false"}}, "attachment_attributes"=>{"id"=>"", "school_certificates"=>"", "additional_information"=>"", "personal_experience"=>""}, "uni_related_info_attributes"=>{"uni_choice_attributes"=>{"internet"=>"0", "email"=>"0", "radio"=>"0", "school_visits"=>"0", "nile_university_faculty_and_staff"=>"0", "nile_university_student_and_alumni"=>"0", "print_advertisements"=>"0", "specify_print_advertisements"=>"", "nu_seminar_workshop_and_conference"=>"0", "specify_nu_seminar"=>"", "other"=>"0", "specify_other"=>""}, "factors"=>"", "majors"=>"", "other_universities"=>"", "other_choice_attributes"=>{"quality"=>"0", "reputation"=>"0", "facilities"=>"0", "location"=>"0", "fields_of_study"=>"0", "specify_fields_of_study"=>"", "other"=>"0", "specify_other"=>""}}}, "submit"=>"Submit"} and HTTP headers {"HTTP_REFERER"=>"http://example.org/applicants/new"}
REQUESTING PAGE: GET users/sign_in with {} and HTTP headers {}
REQUESTING PAGE: POST /users/sign_in with {"utf8"=>"✓", "user"=>{"email"=>"ryan@example.com", "password"=>"secret", "remember_me"=>"0"}, "commit"=>"Sign in"} and HTTP headers {"HTTP_REFERER"=>"users/sign_in"}
REQUESTING PAGE: GET http://example.org/user_root with {} and HTTP headers {"HTTP_REFERER"=>"/users/sign_in"}
REQUESTING PAGE: GET http://example.org/users/980190963 with {} and HTTP headers {"HTTP_REFERER"=>"http://example.org/user_root"}
REQUESTING PAGE: GET http://example.org/users/980190963/application with {} and HTTP headers {"HTTP_REFERER"=>"http://example.org/users/980190963"}
REQUESTING PAGE: GET http://example.org/applicants/new with {} and HTTP headers {"HTTP_REFERER"=>"http://example.org/users/980190963/application"}
REQUESTING PAGE: POST /applicants with {"utf8"=>"✓", "applicant"=>{"photo"=>"", "first_name"=>"", "middle_name"=>"", "last_name"=>"", "date_of_birth(1i)"=>"", "date_of_birth(2i)"=>"", "date_of_birth(3i)"=>"", "place_of_birth"=>"", "gender"=>"", "military_status"=>"Does not apply", "national_id"=>"", "national_id_expiry_date(1i)"=>"", "national_id_expiry_date(2i)"=>"", "national_id_expiry_date(3i)"=>"", "passport_number"=>"", "country_of_issuance"=>"", "passport_expiry_date(1i)"=>"", "passport_expiry_date(2i)"=>"", "passport_expiry_date(3i)"=>"", "academic_honours"=>"", "extra_activities"=>"", "transportation"=>"", "addresses_attributes"=>{"0"=>{"address"=>"", "telephone"=>"", "mobile"=>"", "fax"=>"", "address_type"=>""}, "1"=>{"address"=>"", "telephone"=>"", "mobile"=>"", "fax"=>"", "address_type"=>""}}, "admission_information_attributes"=>{"semester_id"=>"", "program_id"=>"", "major_id"=>"", "toefl_test_results"=>"", "toefl_test_date(1i)"=>"", "toefl_test_date(2i)"=>"", "toefl_test_date(3i)"=>"", "proficiency_test"=>""}, "guardians_attributes"=>{"0"=>{"first_name"=>"", "middle_name"=>"", "last_name"=>"", "address"=>"", "telephone"=>"", "mobile"=>"", "occupation"=>"", "company_name"=>"", "business_telephone"=>"", "email"=>"", "fax"=>"", "business_address"=>"", "relation"=>"", "relation2"=>"", "financial"=>""}, "1"=>{"first_name"=>"", "middle_name"=>"", "last_name"=>"", "address"=>"", "telephone"=>"", "mobile"=>"", "occupation"=>"", "company_name"=>"", "business_telephone"=>"", "email"=>"", "fax"=>"", "business_address"=>"", "relation"=>"", "relation2"=>"", "financial"=>""}}, "secondary_schools_attributes"=>{"0"=>{"name"=>"", "address"=>"", "language"=>"", "attended_from(1i)"=>"", "attended_from(2i)"=>"", "attended_from(3i)"=>"", "attended_to(1i)"=>"", "attended_to(2i)"=>"", "attended_to(3i)"=>"", "certificate_type"=>"", "graduation_date(1i)"=>"", "graduation_date(2i)"=>"", "graduation_date(3i)"=>"", "division"=>"", "school_type"=>"", "_destroy"=>"false"}}, "colleges_attributes"=>{"0"=>{"name"=>"", "faculty"=>"", "major"=>"", "city"=>"", "country"=>"", "attended_from(1i)"=>"", "attended_from(2i)"=>"", "attended_from(3i)"=>"", "attended_to(1i)"=>"", "attended_to(2i)"=>"", "attended_to(3i)"=>"", "language"=>"", "gpa"=>"", "_destroy"=>"false"}}, "works_attributes"=>{"0"=>{"employer"=>"", "worked_from(1i)"=>"", "worked_from(2i)"=>"", "worked_from(3i)"=>"", "worked_to(1i)"=>"", "worked_to(2i)"=>"", "worked_to(3i)"=>"", "tasks"=>"", "_destroy"=>"false"}}, "healths_attributes"=>{"0"=>{"illness"=>"", "description"=>"", "_destroy"=>"false"}}, "attachment_attributes"=>{"id"=>"", "school_certificates"=>"", "additional_information"=>"", "personal_experience"=>""}, "uni_related_info_attributes"=>{"uni_choice_attributes"=>{"internet"=>"0", "email"=>"0", "radio"=>"0", "school_visits"=>"0", "nile_university_faculty_and_staff"=>"0", "nile_university_student_and_alumni"=>"0", "print_advertisements"=>"0", "specify_print_advertisements"=>"", "nu_seminar_workshop_and_conference"=>"0", "specify_nu_seminar"=>"", "other"=>"0", "specify_other"=>""}, "factors"=>"", "majors"=>"", "other_universities"=>"", "other_choice_attributes"=>{"quality"=>"0", "reputation"=>"0", "facilities"=>"0", "location"=>"0", "fields_of_study"=>"0", "specify_fields_of_study"=>"", "other"=>"0", "specify_other"=>""}}}, "save"=>"Save"} and HTTP headers {"HTTP_REFERER"=>"http://example.org/applicants/new"}
REQUESTING PAGE: GET users/sign_in with {} and HTTP headers {}
REQUESTING PAGE: POST /users/sign_in with {"utf8"=>"✓", "user"=>{"email"=>"ryan@example.com", "password"=>"secret", "remember_me"=>"0"}, "commit"=>"Sign in"} and HTTP headers {"HTTP_REFERER"=>"users/sign_in"}
REQUESTING PAGE: GET http://example.org/user_root with {} and HTTP headers {"HTTP_REFERER"=>"/users/sign_in"}
REQUESTING PAGE: GET http://example.org/users/980190963 with {} and HTTP headers {"HTTP_REFERER"=>"http://example.org/user_root"}
REQUESTING PAGE: GET http://example.org/users/980190963/application with {} and HTTP headers {"HTTP_REFERER"=>"http://example.org/users/980190963"}
REQUESTING PAGE: GET http://example.org/applicants/new with {} and HTTP headers {"HTTP_REFERER"=>"http://example.org/users/980190963/application"}
REQUESTING PAGE: POST /applicants with {"utf8"=>"✓", "applicant"=>{"photo"=>"", "first_name"=>"", "middle_name"=>"", "last_name"=>"", "date_of_birth(1i)"=>"", "date_of_birth(2i)"=>"", "date_of_birth(3i)"=>"", "place_of_birth"=>"", "gender"=>"", "military_status"=>"Does not apply", "national_id"=>"", "national_id_expiry_date(1i)"=>"", "national_id_expiry_date(2i)"=>"", "national_id_expiry_date(3i)"=>"", "passport_number"=>"", "country_of_issuance"=>"", "passport_expiry_date(1i)"=>"", "passport_expiry_date(2i)"=>"", "passport_expiry_date(3i)"=>"", "academic_honours"=>"", "extra_activities"=>"", "transportation"=>"", "addresses_attributes"=>{"0"=>{"address"=>"", "telephone"=>"", "mobile"=>"", "fax"=>"", "address_type"=>""}, "1"=>{"address"=>"", "telephone"=>"", "mobile"=>"", "fax"=>"", "address_type"=>""}}, "admission_information_attributes"=>{"semester_id"=>"", "program_id"=>"", "major_id"=>"", "toefl_test_results"=>"", "toefl_test_date(1i)"=>"", "toefl_test_date(2i)"=>"", "toefl_test_date(3i)"=>"", "proficiency_test"=>""}, "guardians_attributes"=>{"0"=>{"first_name"=>"", "middle_name"=>"", "last_name"=>"", "address"=>"", "telephone"=>"", "mobile"=>"", "occupation"=>"", "company_name"=>"", "business_telephone"=>"", "email"=>"", "fax"=>"", "business_address"=>"", "relation"=>"", "relation2"=>"", "financial"=>""}, "1"=>{"first_name"=>"", "middle_name"=>"", "last_name"=>"", "address"=>"", "telephone"=>"", "mobile"=>"", "occupation"=>"", "company_name"=>"", "business_telephone"=>"", "email"=>"", "fax"=>"", "business_address"=>"", "relation"=>"", "relation2"=>"", "financial"=>""}}, "secondary_schools_attributes"=>{"0"=>{"name"=>"", "address"=>"", "language"=>"", "attended_from(1i)"=>"", "attended_from(2i)"=>"", "attended_from(3i)"=>"", "attended_to(1i)"=>"", "attended_to(2i)"=>"", "attended_to(3i)"=>"", "certificate_type"=>"", "graduation_date(1i)"=>"", "graduation_date(2i)"=>"", "graduation_date(3i)"=>"", "division"=>"", "school_type"=>"", "_destroy"=>"false"}}, "colleges_attributes"=>{"0"=>{"name"=>"", "faculty"=>"", "major"=>"", "city"=>"", "country"=>"", "attended_from(1i)"=>"", "attended_from(2i)"=>"", "attended_from(3i)"=>"", "attended_to(1i)"=>"", "attended_to(2i)"=>"", "attended_to(3i)"=>"", "language"=>"", "gpa"=>"", "_destroy"=>"false"}}, "works_attributes"=>{"0"=>{"employer"=>"", "worked_from(1i)"=>"", "worked_from(2i)"=>"", "worked_from(3i)"=>"", "worked_to(1i)"=>"", "worked_to(2i)"=>"", "worked_to(3i)"=>"", "tasks"=>"", "_destroy"=>"false"}}, "healths_attributes"=>{"0"=>{"illness"=>"", "description"=>"", "_destroy"=>"false"}}, "attachment_attributes"=>{"id"=>"", "school_certificates"=>"", "additional_information"=>"", "personal_experience"=>""}, "uni_related_info_attributes"=>{"uni_choice_attributes"=>{"internet"=>"0", "email"=>"0", "radio"=>"0", "school_visits"=>"0", "nile_university_faculty_and_staff"=>"0", "nile_university_student_and_alumni"=>"0", "print_advertisements"=>"0", "specify_print_advertisements"=>"", "nu_seminar_workshop_and_conference"=>"0", "specify_nu_seminar"=>"", "other"=>"0", "specify_other"=>""}, "factors"=>"", "majors"=>"", "other_universities"=>"", "other_choice_attributes"=>{"quality"=>"0", "reputation"=>"0", "facilities"=>"0", "location"=>"0", "fields_of_study"=>"0", "specify_fields_of_study"=>"", "other"=>"0", "specify_other"=>""}}}, "save"=>"Save"} and HTTP headers {"HTTP_REFERER"=>"http://example.org/applicants/new"}
REQUESTING PAGE: GET users/sign_in with {} and HTTP headers {}
REQUESTING PAGE: POST /users/sign_in with {"utf8"=>"✓", "user"=>{"email"=>"asds", "password"=>"", "remember_me"=>"0"}, "commit"=>"Sign in"} and HTTP headers {"HTTP_REFERER"=>"users/sign_in"}
REQUESTING PAGE: GET users/sign_in with {} and HTTP headers {}
REQUESTING PAGE: POST /users/sign_in with {"utf8"=>"✓", "user"=>{"email"=>"ryan@example.com", "password"=>"secret", "remember_me"=>"0"}, "commit"=>"Sign in"} and HTTP headers {"HTTP_REFERER"=>"users/sign_in"}
REQUESTING PAGE: GET http://example.org/user_root with {} and HTTP headers {"HTTP_REFERER"=>"/users/sign_in"}
REQUESTING PAGE: GET http://example.org/users/980190963 with {} and HTTP headers {"HTTP_REFERER"=>"http://example.org/user_root"}
REQUESTING PAGE: GET users/sign_in with {} and HTTP headers {}
REQUESTING PAGE: POST /users/sign_in with {"utf8"=>"✓", "user"=>{"email"=>"ryan@example.com", "password"=>"secret", "remember_me"=>"0"}, "commit"=>"Sign in"} and HTTP headers {"HTTP_REFERER"=>"users/sign_in"}
REQUESTING PAGE: GET http://example.org/user_root with {} and HTTP headers {"HTTP_REFERER"=>"/users/sign_in"}
REQUESTING PAGE: GET http://example.org/users/980190963 with {} and HTTP headers {"HTTP_REFERER"=>"http://example.org/user_root"}
REQUESTING PAGE: GET http://example.org/users/980190963/application with {} and HTTP headers {"HTTP_REFERER"=>"http://example.org/users/980190963"}
REQUESTING PAGE: GET http://example.org/users/980190963 with {} and HTTP headers {"HTTP_REFERER"=>"http://example.org/users/980190963/application"}
REQUESTING PAGE: GET users/sign_in with {} and HTTP headers {}
REQUESTING PAGE: POST /users/sign_in with {"utf8"=>"✓", "user"=>{"email"=>"ryan@example.com", "password"=>"secret", "remember_me"=>"0"}, "commit"=>"Sign in"} and HTTP headers {"HTTP_REFERER"=>"users/sign_in"}
REQUESTING PAGE: GET http://example.org/user_root with {} and HTTP headers {"HTTP_REFERER"=>"/users/sign_in"}
REQUESTING PAGE: GET http://example.org/users/980190963 with {} and HTTP headers {"HTTP_REFERER"=>"http://example.org/user_root"}
REQUESTING PAGE: GET http://example.org/users/980190963/application with {} and HTTP headers {"HTTP_REFERER"=>"http://example.org/users/980190963"}
REQUESTING PAGE: GET http://example.org/users/980190963 with {} and HTTP headers {"HTTP_REFERER"=>"http://example.org/users/980190963/application"}
REQUESTING PAGE: GET users/sign_in with {} and HTTP headers {}
REQUESTING PAGE: POST /users/sign_in with {"utf8"=>"✓", "user"=>{"email"=>"ryan@example.com", "password"=>"secret", "remember_me"=>"0"}, "commit"=>"Sign in"} and HTTP headers {"HTTP_REFERER"=>"users/sign_in"}
REQUESTING PAGE: GET http://example.org/user_root with {} and HTTP headers {"HTTP_REFERER"=>"/users/sign_in"}
REQUESTING PAGE: GET http://example.org/users/980190963 with {} and HTTP headers {"HTTP_REFERER"=>"http://example.org/user_root"}
REQUESTING PAGE: GET http://example.org/users/980190963/application with {} and HTTP headers {"HTTP_REFERER"=>"http://example.org/users/980190963"}
REQUESTING PAGE: GET http://example.org/users/980190963 with {} and HTTP headers {"HTTP_REFERER"=>"http://example.org/users/980190963/application"}
REQUESTING PAGE: GET users/sign_in with {} and HTTP headers {}
REQUESTING PAGE: POST /users/sign_in with {"utf8"=>"✓", "user"=>{"email"=>"ryan@example.com", "password"=>"secret", "remember_me"=>"0"}, "commit"=>"Sign in"} and HTTP headers {"HTTP_REFERER"=>"users/sign_in"}
REQUESTING PAGE: GET http://example.org/user_root with {} and HTTP headers {"HTTP_REFERER"=>"/users/sign_in"}
REQUESTING PAGE: GET http://example.org/users/980190963 with {} and HTTP headers {"HTTP_REFERER"=>"http://example.org/user_root"}
REQUESTING PAGE: GET http://example.org/users/980190963/application with {} and HTTP headers {"HTTP_REFERER"=>"http://example.org/users/980190963"}
REQUESTING PAGE: GET http://example.org/users/980190963 with {} and HTTP headers {"HTTP_REFERER"=>"http://example.org/users/980190963/application"}
REQUESTING PAGE: GET users/sign_in with {} and HTTP headers {}
REQUESTING PAGE: POST /users/sign_in with {"utf8"=>"✓", "user"=>{"email"=>"ryan@example.com", "password"=>"secret", "remember_me"=>"0"}, "commit"=>"Sign in"} and HTTP headers {"HTTP_REFERER"=>"users/sign_in"}
REQUESTING PAGE: GET http://example.org/user_root with {} and HTTP headers {"HTTP_REFERER"=>"/users/sign_in"}
REQUESTING PAGE: GET http://example.org/users/980190963 with {} and HTTP headers {"HTTP_REFERER"=>"http://example.org/user_root"}
REQUESTING PAGE: GET http://example.org/users/980190963/application with {} and HTTP headers {"HTTP_REFERER"=>"http://example.org/users/980190963"}
REQUESTING PAGE: GET http://example.org/users/980190963 with {} and HTTP headers {"HTTP_REFERER"=>"http://example.org/users/980190963/application"}
REQUESTING PAGE: GET users/sign_in with {} and HTTP headers {}
REQUESTING PAGE: POST /users/sign_in with {"utf8"=>"✓", "user"=>{"email"=>"asds", "password"=>"", "remember_me"=>"0"}, "commit"=>"Sign in"} and HTTP headers {"HTTP_REFERER"=>"users/sign_in"}
REQUESTING PAGE: GET users/sign_in with {} and HTTP headers {}
REQUESTING PAGE: POST /users/sign_in with {"utf8"=>"✓", "user"=>{"email"=>"ryan@example.com", "password"=>"secret", "remember_me"=>"0"}, "commit"=>"Sign in"} and HTTP headers {"HTTP_REFERER"=>"users/sign_in"}
REQUESTING PAGE: GET http://example.org/user_root with {} and HTTP headers {"HTTP_REFERER"=>"/users/sign_in"}
REQUESTING PAGE: GET http://example.org/users/980190963 with {} and HTTP headers {"HTTP_REFERER"=>"http://example.org/user_root"}
REQUESTING PAGE: GET users/sign_in with {} and HTTP headers {}
REQUESTING PAGE: POST /users/sign_in with {"utf8"=>"✓", "user"=>{"email"=>"ryan@example.com", "password"=>"secret", "remember_me"=>"0"}, "commit"=>"Sign in"} and HTTP headers {"HTTP_REFERER"=>"users/sign_in"}
REQUESTING PAGE: GET http://example.org/user_root with {} and HTTP headers {"HTTP_REFERER"=>"/users/sign_in"}
REQUESTING PAGE: GET http://example.org/users/980190963 with {} and HTTP headers {"HTTP_REFERER"=>"http://example.org/user_root"}
REQUESTING PAGE: GET http://example.org/users/980190963/application with {} and HTTP headers {"HTTP_REFERER"=>"http://example.org/users/980190963"}
REQUESTING PAGE: GET http://example.org/users/980190963 with {} and HTTP headers {"HTTP_REFERER"=>"http://example.org/users/980190963/application"}
REQUESTING PAGE: GET users/sign_in with {} and HTTP headers {}
REQUESTING PAGE: POST /users/sign_in with {"utf8"=>"✓", "user"=>{"email"=>"ryan@example.com", "password"=>"secret", "remember_me"=>"0"}, "commit"=>"Sign in"} and HTTP headers {"HTTP_REFERER"=>"users/sign_in"}
REQUESTING PAGE: GET http://example.org/user_root with {} and HTTP headers {"HTTP_REFERER"=>"/users/sign_in"}
REQUESTING PAGE: GET http://example.org/users/980190963 with {} and HTTP headers {"HTTP_REFERER"=>"http://example.org/user_root"}
REQUESTING PAGE: GET http://example.org/users/980190963/application with {} and HTTP headers {"HTTP_REFERER"=>"http://example.org/users/980190963"}
REQUESTING PAGE: GET http://example.org/users/980190963 with {} and HTTP headers {"HTTP_REFERER"=>"http://example.org/users/980190963/application"}
REQUESTING PAGE: GET users/sign_in with {} and HTTP headers {}
REQUESTING PAGE: POST /users/sign_in with {"utf8"=>"✓", "user"=>{"email"=>"ryan@example.com", "password"=>"secret", "remember_me"=>"0"}, "commit"=>"Sign in"} and HTTP headers {"HTTP_REFERER"=>"users/sign_in"}
REQUESTING PAGE: GET http://example.org/user_root with {} and HTTP headers {"HTTP_REFERER"=>"/users/sign_in"}
REQUESTING PAGE: GET http://example.org/users/980190963 with {} and HTTP headers {"HTTP_REFERER"=>"http://example.org/user_root"}
REQUESTING PAGE: GET http://example.org/users/980190963/application with {} and HTTP headers {"HTTP_REFERER"=>"http://example.org/users/980190963"}
REQUESTING PAGE: GET http://example.org/users/980190963 with {} and HTTP headers {"HTTP_REFERER"=>"http://example.org/users/980190963/application"}
REQUESTING PAGE: GET users/sign_in with {} and HTTP headers {}
REQUESTING PAGE: POST /users/sign_in with {"utf8"=>"✓", "user"=>{"email"=>"ryan@example.com", "password"=>"secret", "remember_me"=>"0"}, "commit"=>"Sign in"} and HTTP headers {"HTTP_REFERER"=>"users/sign_in"}
REQUESTING PAGE: GET http://example.org/user_root with {} and HTTP headers {"HTTP_REFERER"=>"/users/sign_in"}
REQUESTING PAGE: GET http://example.org/users/980190963 with {} and HTTP headers {"HTTP_REFERER"=>"http://example.org/user_root"}
REQUESTING PAGE: GET http://example.org/users/980190963/application with {} and HTTP headers {"HTTP_REFERER"=>"http://example.org/users/980190963"}
REQUESTING PAGE: GET http://example.org/applicants/new with {} and HTTP headers {"HTTP_REFERER"=>"http://example.org/users/980190963/application"}
REQUESTING PAGE: GET users/sign_in with {} and HTTP headers {}
REQUESTING PAGE: POST /users/sign_in with {"utf8"=>"✓", "user"=>{"email"=>"ryan@example.com", "password"=>"secret", "remember_me"=>"0"}, "commit"=>"Sign in"} and HTTP headers {"HTTP_REFERER"=>"users/sign_in"}
REQUESTING PAGE: GET http://example.org/user_root with {} and HTTP headers {"HTTP_REFERER"=>"/users/sign_in"}
REQUESTING PAGE: GET http://example.org/users/980190963 with {} and HTTP headers {"HTTP_REFERER"=>"http://example.org/user_root"}
REQUESTING PAGE: GET http://example.org/users/980190963/application with {} and HTTP headers {"HTTP_REFERER"=>"http://example.org/users/980190963"}
REQUESTING PAGE: GET http://example.org/users/980190963 with {} and HTTP headers {"HTTP_REFERER"=>"http://example.org/users/980190963/application"}
REQUESTING PAGE: GET users/sign_in with {} and HTTP headers {}
REQUESTING PAGE: POST /users/sign_in with {"utf8"=>"✓", "user"=>{"email"=>"ryan@example.com", "password"=>"secret", "remember_me"=>"0"}, "commit"=>"Sign in"} and HTTP headers {"HTTP_REFERER"=>"users/sign_in"}
REQUESTING PAGE: GET http://example.org/user_root with {} and HTTP headers {"HTTP_REFERER"=>"/users/sign_in"}
REQUESTING PAGE: GET http://example.org/users/980190963 with {} and HTTP headers {"HTTP_REFERER"=>"http://example.org/user_root"}
REQUESTING PAGE: GET http://example.org/users/980190963/application with {} and HTTP headers {"HTTP_REFERER"=>"http://example.org/users/980190963"}
REQUESTING PAGE: GET http://example.org/users/980190963 with {} and HTTP headers {"HTTP_REFERER"=>"http://example.org/users/980190963/application"}
REQUESTING PAGE: GET users/sign_in with {} and HTTP headers {}
REQUESTING PAGE: POST /users/sign_in with {"utf8"=>"✓", "user"=>{"email"=>"asds", "password"=>"", "remember_me"=>"0"}, "commit"=>"Sign in"} and HTTP headers {"HTTP_REFERER"=>"users/sign_in"}
REQUESTING PAGE: GET users/sign_in with {} and HTTP headers {}
REQUESTING PAGE: POST /users/sign_in with {"utf8"=>"✓", "user"=>{"email"=>"ryan@example.com", "password"=>"secret", "remember_me"=>"0"}, "commit"=>"Sign in"} and HTTP headers {"HTTP_REFERER"=>"users/sign_in"}
REQUESTING PAGE: GET http://example.org/user_root with {} and HTTP headers {"HTTP_REFERER"=>"/users/sign_in"}
REQUESTING PAGE: GET http://example.org/users/980190963 with {} and HTTP headers {"HTTP_REFERER"=>"http://example.org/user_root"}
REQUESTING PAGE: GET users/sign_in with {} and HTTP headers {}
REQUESTING PAGE: POST /users/sign_in with {"utf8"=>"✓", "user"=>{"email"=>"ryan@example.com", "password"=>"secret", "remember_me"=>"0"}, "commit"=>"Sign in"} and HTTP headers {"HTTP_REFERER"=>"users/sign_in"}
REQUESTING PAGE: GET http://example.org/user_root with {} and HTTP headers {"HTTP_REFERER"=>"/users/sign_in"}
REQUESTING PAGE: GET http://example.org/users/980190963 with {} and HTTP headers {"HTTP_REFERER"=>"http://example.org/user_root"}
REQUESTING PAGE: GET http://example.org/users/980190963/application with {} and HTTP headers {"HTTP_REFERER"=>"http://example.org/users/980190963"}
REQUESTING PAGE: GET http://example.org/users/980190963 with {} and HTTP headers {"HTTP_REFERER"=>"http://example.org/users/980190963/application"}
REQUESTING PAGE: GET users/sign_in with {} and HTTP headers {}
REQUESTING PAGE: POST /users/sign_in with {"utf8"=>"✓", "user"=>{"email"=>"ryan@example.com", "password"=>"secret", "remember_me"=>"0"}, "commit"=>"Sign in"} and HTTP headers {"HTTP_REFERER"=>"users/sign_in"}
REQUESTING PAGE: GET http://example.org/user_root with {} and HTTP headers {"HTTP_REFERER"=>"/users/sign_in"}
REQUESTING PAGE: GET http://example.org/users/980190963 with {} and HTTP headers {"HTTP_REFERER"=>"http://example.org/user_root"}
REQUESTING PAGE: GET http://example.org/users/980190963/application with {} and HTTP headers {"HTTP_REFERER"=>"http://example.org/users/980190963"}
REQUESTING PAGE: GET http://example.org/users/980190963 with {} and HTTP headers {"HTTP_REFERER"=>"http://example.org/users/980190963/application"}
REQUESTING PAGE: GET users/sign_in with {} and HTTP headers {}
REQUESTING PAGE: POST /users/sign_in with {"utf8"=>"✓", "user"=>{"email"=>"ryan@example.com", "password"=>"secret", "remember_me"=>"0"}, "commit"=>"Sign in"} and HTTP headers {"HTTP_REFERER"=>"users/sign_in"}
REQUESTING PAGE: GET http://example.org/user_root with {} and HTTP headers {"HTTP_REFERER"=>"/users/sign_in"}
REQUESTING PAGE: GET http://example.org/users/980190963 with {} and HTTP headers {"HTTP_REFERER"=>"http://example.org/user_root"}
REQUESTING PAGE: GET http://example.org/users/980190963/application with {} and HTTP headers {"HTTP_REFERER"=>"http://example.org/users/980190963"}
REQUESTING PAGE: GET http://example.org/applicants/new with {} and HTTP headers {"HTTP_REFERER"=>"http://example.org/users/980190963/application"}
REQUESTING PAGE: POST /applicants with {"utf8"=>"✓", "applicant"=>{"photo"=>"", "first_name"=>"", "middle_name"=>"", "last_name"=>"", "date_of_birth(1i)"=>"", "date_of_birth(2i)"=>"", "date_of_birth(3i)"=>"", "place_of_birth"=>"", "gender"=>"", "military_status"=>"Does not apply", "national_id"=>"", "national_id_expiry_date(1i)"=>"", "national_id_expiry_date(2i)"=>"", "national_id_expiry_date(3i)"=>"", "passport_number"=>"", "country_of_issuance"=>"", "passport_expiry_date(1i)"=>"", "passport_expiry_date(2i)"=>"", "passport_expiry_date(3i)"=>"", "academic_honours"=>"", "extra_activities"=>"", "transportation"=>"", "addresses_attributes"=>{"0"=>{"address"=>"", "telephone"=>"", "mobile"=>"", "fax"=>"", "address_type"=>""}, "1"=>{"address"=>"", "telephone"=>"", "mobile"=>"", "fax"=>"", "address_type"=>""}}, "admission_information_attributes"=>{"semester_id"=>"", "school_id"=>"", "major_id"=>"", "toefl_test_results"=>"", "toefl_test_date(1i)"=>"", "toefl_test_date(2i)"=>"", "toefl_test_date(3i)"=>"", "proficiency_test"=>""}, "guardians_attributes"=>{"0"=>{"first_name"=>"", "middle_name"=>"", "last_name"=>"", "address"=>"", "telephone"=>"", "mobile"=>"", "occupation"=>"", "company_name"=>"", "business_telephone"=>"", "email"=>"", "fax"=>"", "business_address"=>"", "relation"=>"", "relation2"=>"", "financial"=>""}, "1"=>{"first_name"=>"", "middle_name"=>"", "last_name"=>"", "address"=>"", "telephone"=>"", "mobile"=>"", "occupation"=>"", "company_name"=>"", "business_telephone"=>"", "email"=>"", "fax"=>"", "business_address"=>"", "relation"=>"", "relation2"=>"", "financial"=>""}}, "secondary_schools_attributes"=>{"0"=>{"name"=>"", "address"=>"", "language"=>"", "attended_from(1i)"=>"", "attended_from(2i)"=>"", "attended_from(3i)"=>"", "attended_to(1i)"=>"", "attended_to(2i)"=>"", "attended_to(3i)"=>"", "certificate_type"=>"", "graduation_date(1i)"=>"", "graduation_date(2i)"=>"", "graduation_date(3i)"=>"", "division"=>"", "school_type"=>"", "_destroy"=>"false"}}, "colleges_attributes"=>{"0"=>{"name"=>"", "faculty"=>"", "major"=>"", "city"=>"", "country"=>"", "attended_from(1i)"=>"", "attended_from(2i)"=>"", "attended_from(3i)"=>"", "attended_to(1i)"=>"", "attended_to(2i)"=>"", "attended_to(3i)"=>"", "language"=>"", "gpa"=>"", "_destroy"=>"false"}}, "works_attributes"=>{"0"=>{"employer"=>"", "worked_from(1i)"=>"", "worked_from(2i)"=>"", "worked_from(3i)"=>"", "worked_to(1i)"=>"", "worked_to(2i)"=>"", "worked_to(3i)"=>"", "tasks"=>"", "_destroy"=>"false"}}, "healths_attributes"=>{"0"=>{"illness"=>"", "description"=>"", "_destroy"=>"false"}}, "attachment_attributes"=>{"id"=>"", "school_certificates"=>"", "additional_information"=>"", "personal_experience"=>""}, "uni_related_info_attributes"=>{"uni_choice_attributes"=>{"internet"=>"0", "email"=>"0", "radio"=>"0", "school_visits"=>"0", "nile_university_faculty_and_staff"=>"0", "nile_university_student_and_alumni"=>"0", "print_advertisements"=>"0", "specify_print_advertisements"=>"", "nu_seminar_workshop_and_conference"=>"0", "specify_nu_seminar"=>"", "other"=>"0", "specify_other"=>""}, "factors"=>"", "majors"=>"", "other_universities"=>"", "other_choice_attributes"=>{"quality"=>"0", "reputation"=>"0", "facilities"=>"0", "location"=>"0", "fields_of_study"=>"0", "specify_fields_of_study"=>"", "other"=>"0", "specify_other"=>""}}}, "save"=>"Save"} and HTTP headers {"HTTP_REFERER"=>"http://example.org/applicants/new"}
REQUESTING PAGE: GET users/sign_in with {} and HTTP headers {}
REQUESTING PAGE: POST /users/sign_in with {"utf8"=>"✓", "user"=>{"email"=>"ryan@example.com", "password"=>"secret", "remember_me"=>"0"}, "commit"=>"Sign in"} and HTTP headers {"HTTP_REFERER"=>"users/sign_in"}
REQUESTING PAGE: GET http://example.org/user_root with {} and HTTP headers {"HTTP_REFERER"=>"/users/sign_in"}
REQUESTING PAGE: GET http://example.org/users/980190963 with {} and HTTP headers {"HTTP_REFERER"=>"http://example.org/user_root"}
REQUESTING PAGE: GET http://example.org/users/980190963/application with {} and HTTP headers {"HTTP_REFERER"=>"http://example.org/users/980190963"}
REQUESTING PAGE: GET http://example.org/applicants/new with {} and HTTP headers {"HTTP_REFERER"=>"http://example.org/users/980190963/application"}
REQUESTING PAGE: POST /applicants with {"utf8"=>"✓", "applicant"=>{"photo"=>"", "first_name"=>"", "middle_name"=>"Mohamed", "last_name"=>"Yassen", "date_of_birth(1i)"=>"1988", "date_of_birth(2i)"=>"3", "date_of_birth(3i)"=>"2", "place_of_birth"=>"Cairo, Egypt", "gender"=>"Male", "military_status"=>"Exempted", "national_id"=>"8375", "national_id_expiry_date(1i)"=>"2012", "national_id_expiry_date(2i)"=>"6", "national_id_expiry_date(3i)"=>"2", "passport_number"=>"989123", "country_of_issuance"=>"Egypt", "passport_expiry_date(1i)"=>"2012", "passport_expiry_date(2i)"=>"6", "passport_expiry_date(3i)"=>"2", "academic_honours"=>"", "extra_activities"=>"", "transportation"=>"Private", "addresses_attributes"=>{"0"=>{"address"=>"MyText", "telephone"=>"227722772", "mobile"=>"", "fax"=>"", "address_type"=>"Both"}, "1"=>{"address"=>"MyText", "telephone"=>"227722772", "mobile"=>"23045626", "fax"=>"", "address_type"=>"Both"}}, "admission_information_attributes"=>{"semester_id"=>"980190963", "school_id"=>"980190963", "major_id"=>"", "toefl_test_results"=>"123.0", "toefl_test_date(1i)"=>"2010", "toefl_test_date(2i)"=>"6", "toefl_test_date(3i)"=>"2", "proficiency_test"=>""}, "guardians_attributes"=>{"0"=>{"first_name"=>"Ahmed", "middle_name"=>"", "last_name"=>"alaa", "address"=>"home address street", "telephone"=>"1231221", "mobile"=>"21312083", "occupation"=>"Doctor", "company_name"=>"", "business_telephone"=>"1231221", "email"=>"email@email.com", "fax"=>"", "business_address"=>"", "relation"=>"", "relation2"=>"", "financial"=>"true"}, "1"=>{"first_name"=>"Ahmed", "middle_name"=>"", "last_name"=>"alaa", "address"=>"home address street", "telephone"=>"1231221", "mobile"=>"21312083", "occupation"=>"Doctor", "company_name"=>"", "business_telephone"=>"1231221", "email"=>"email1@email.com", "fax"=>"", "business_address"=>"", "relation"=>"", "relation2"=>"", "financial"=>"true"}}, "secondary_schools_attributes"=>{"0"=>{"name"=>"ELS", "address"=>"Nasrcity", "language"=>"English", "attended_from(1i)"=>"2005", "attended_from(2i)"=>"3", "attended_from(3i)"=>"2", "attended_to(1i)"=>"2008", "attended_to(2i)"=>"3", "attended_to(3i)"=>"3", "certificate_type"=>"IG", "graduation_date(1i)"=>"2008", "graduation_date(2i)"=>"3", "graduation_date(3i)"=>"30", "division"=>"", "school_type"=>"Private", "_destroy"=>"false"}}, "colleges_attributes"=>{"0"=>{"name"=>"ahmed", "faculty"=>"faculty", "major"=>"major", "city"=>"cairo", "country"=>"Egypt", "attended_from(1i)"=>"2008", "attended_from(2i)"=>"3", "attended_from(3i)"=>"2", "attended_to(1i)"=>"2009", "attended_to(2i)"=>"3", "attended_to(3i)"=>"3", "language"=>"English", "gpa"=>"4.0", "_destroy"=>"false"}}, "works_attributes"=>{"0"=>{"employer"=>"IT", "worked_from(1i)"=>"2010", "worked_from(2i)"=>"3", "worked_from(3i)"=>"2", "worked_to(1i)"=>"2010", "worked_to(2i)"=>"4", "worked_to(3i)"=>"2", "tasks"=>"IT", "_destroy"=>"false"}}, "healths_attributes"=>{"0"=>{"illness"=>"fever", "description"=>"", "_destroy"=>"false"}}, "attachment_attributes"=>{"id"=>"", "school_certificates"=>"", "additional_information"=>"", "personal_experience"=>""}, "uni_related_info_attributes"=>{"uni_choice_attributes"=>{"internet"=>"0", "email"=>"0", "radio"=>"0", "school_visits"=>"0", "nile_university_faculty_and_staff"=>"0", "nile_university_student_and_alumni"=>"0", "print_advertisements"=>"0", "specify_print_advertisements"=>"", "nu_seminar_workshop_and_conference"=>"0", "specify_nu_seminar"=>"", "other"=>"0", "specify_other"=>""}, "factors"=>"", "majors"=>"", "other_universities"=>"", "other_choice_attributes"=>{"quality"=>"0", "reputation"=>"0", "facilities"=>"0", "location"=>"0", "fields_of_study"=>"0", "specify_fields_of_study"=>"", "other"=>"0", "specify_other"=>""}}}, "submit"=>"Submit"} and HTTP headers {"HTTP_REFERER"=>"http://example.org/applicants/new"}
REQUESTING PAGE: GET users/sign_in with {} and HTTP headers {}
REQUESTING PAGE: POST /users/sign_in with {"utf8"=>"✓", "user"=>{"email"=>"ryan@example.com", "password"=>"secret", "remember_me"=>"0"}, "commit"=>"Sign in"} and HTTP headers {"HTTP_REFERER"=>"users/sign_in"}
REQUESTING PAGE: GET http://example.org/user_root with {} and HTTP headers {"HTTP_REFERER"=>"/users/sign_in"}
REQUESTING PAGE: GET http://example.org/users/980190963 with {} and HTTP headers {"HTTP_REFERER"=>"http://example.org/user_root"}
REQUESTING PAGE: GET http://example.org/users/980190963/application with {} and HTTP headers {"HTTP_REFERER"=>"http://example.org/users/980190963"}
REQUESTING PAGE: GET http://example.org/users/980190963 with {} and HTTP headers {"HTTP_REFERER"=>"http://example.org/users/980190963/application"}
REQUESTING PAGE: GET users/sign_in with {} and HTTP headers {}
REQUESTING PAGE: POST /users/sign_in with {"utf8"=>"✓", "user"=>{"email"=>"ryan@example.com", "password"=>"secret", "remember_me"=>"0"}, "commit"=>"Sign in"} and HTTP headers {"HTTP_REFERER"=>"users/sign_in"}
REQUESTING PAGE: GET http://example.org/user_root with {} and HTTP headers {"HTTP_REFERER"=>"/users/sign_in"}
REQUESTING PAGE: GET http://example.org/users/980190963 with {} and HTTP headers {"HTTP_REFERER"=>"http://example.org/user_root"}
REQUESTING PAGE: GET http://example.org/users/980190963/application with {} and HTTP headers {"HTTP_REFERER"=>"http://example.org/users/980190963"}
REQUESTING PAGE: GET http://example.org/users/980190963 with {} and HTTP headers {"HTTP_REFERER"=>"http://example.org/users/980190963/application"}
REQUESTING PAGE: GET users/sign_in with {} and HTTP headers {}
REQUESTING PAGE: POST /users/sign_in with {"utf8"=>"✓", "user"=>{"email"=>"asds", "password"=>"", "remember_me"=>"0"}, "commit"=>"Sign in"} and HTTP headers {"HTTP_REFERER"=>"users/sign_in"}
REQUESTING PAGE: GET users/sign_in with {} and HTTP headers {}
REQUESTING PAGE: POST /users/sign_in with {"utf8"=>"✓", "user"=>{"email"=>"ryan@example.com", "password"=>"secret", "remember_me"=>"0"}, "commit"=>"Sign in"} and HTTP headers {"HTTP_REFERER"=>"users/sign_in"}
REQUESTING PAGE: GET http://example.org/user_root with {} and HTTP headers {"HTTP_REFERER"=>"/users/sign_in"}
REQUESTING PAGE: GET http://example.org/users/980190963 with {} and HTTP headers {"HTTP_REFERER"=>"http://example.org/user_root"}
REQUESTING PAGE: GET users/sign_in with {} and HTTP headers {}
REQUESTING PAGE: POST /users/sign_in with {"utf8"=>"✓", "user"=>{"email"=>"ryan@example.com", "password"=>"secret", "remember_me"=>"0"}, "commit"=>"Sign in"} and HTTP headers {"HTTP_REFERER"=>"users/sign_in"}
REQUESTING PAGE: GET http://example.org/user_root with {} and HTTP headers {"HTTP_REFERER"=>"/users/sign_in"}
REQUESTING PAGE: GET http://example.org/users/980190963 with {} and HTTP headers {"HTTP_REFERER"=>"http://example.org/user_root"}
REQUESTING PAGE: GET http://example.org/users/980190963/application with {} and HTTP headers {"HTTP_REFERER"=>"http://example.org/users/980190963"}
REQUESTING PAGE: GET http://example.org/users/980190963 with {} and HTTP headers {"HTTP_REFERER"=>"http://example.org/users/980190963/application"}
REQUESTING PAGE: GET users/sign_in with {} and HTTP headers {}
REQUESTING PAGE: POST /users/sign_in with {"utf8"=>"✓", "user"=>{"email"=>"ryan@example.com", "password"=>"secret", "remember_me"=>"0"}, "commit"=>"Sign in"} and HTTP headers {"HTTP_REFERER"=>"users/sign_in"}
REQUESTING PAGE: GET http://example.org/user_root with {} and HTTP headers {"HTTP_REFERER"=>"/users/sign_in"}
REQUESTING PAGE: GET http://example.org/users/980190963 with {} and HTTP headers {"HTTP_REFERER"=>"http://example.org/user_root"}
REQUESTING PAGE: GET http://example.org/users/980190963/application with {} and HTTP headers {"HTTP_REFERER"=>"http://example.org/users/980190963"}
REQUESTING PAGE: GET http://example.org/users/980190963 with {} and HTTP headers {"HTTP_REFERER"=>"http://example.org/users/980190963/application"}
REQUESTING PAGE: GET users/sign_in with {} and HTTP headers {}
REQUESTING PAGE: POST /users/sign_in with {"utf8"=>"✓", "user"=>{"email"=>"ryan@example.com", "password"=>"secret", "remember_me"=>"0"}, "commit"=>"Sign in"} and HTTP headers {"HTTP_REFERER"=>"users/sign_in"}
REQUESTING PAGE: GET http://example.org/user_root with {} and HTTP headers {"HTTP_REFERER"=>"/users/sign_in"}
REQUESTING PAGE: GET http://example.org/users/980190963 with {} and HTTP headers {"HTTP_REFERER"=>"http://example.org/user_root"}
REQUESTING PAGE: GET http://example.org/users/980190963/application with {} and HTTP headers {"HTTP_REFERER"=>"http://example.org/users/980190963"}
REQUESTING PAGE: GET http://example.org/applicants/new with {} and HTTP headers {"HTTP_REFERER"=>"http://example.org/users/980190963/application"}
REQUESTING PAGE: POST /applicants with {"utf8"=>"✓", "applicant"=>{"photo"=>"", "first_name"=>"", "middle_name"=>"", "last_name"=>"", "date_of_birth(1i)"=>"", "date_of_birth(2i)"=>"", "date_of_birth(3i)"=>"", "place_of_birth"=>"", "gender"=>"", "military_status"=>"Does not apply", "national_id"=>"", "national_id_expiry_date(1i)"=>"", "national_id_expiry_date(2i)"=>"", "national_id_expiry_date(3i)"=>"", "passport_number"=>"", "country_of_issuance"=>"", "passport_expiry_date(1i)"=>"", "passport_expiry_date(2i)"=>"", "passport_expiry_date(3i)"=>"", "academic_honours"=>"", "extra_activities"=>"", "transportation"=>"", "addresses_attributes"=>{"0"=>{"address"=>"", "telephone"=>"", "mobile"=>"", "fax"=>"", "address_type"=>""}, "1"=>{"address"=>"", "telephone"=>"", "mobile"=>"", "fax"=>"", "address_type"=>""}}, "admission_information_attributes"=>{"semester_id"=>"", "school_id"=>"", "major_id"=>"", "toefl_test_results"=>"", "toefl_test_date(1i)"=>"", "toefl_test_date(2i)"=>"", "toefl_test_date(3i)"=>"", "proficiency_test"=>""}, "guardians_attributes"=>{"0"=>{"first_name"=>"", "middle_name"=>"", "last_name"=>"", "address"=>"", "telephone"=>"", "mobile"=>"", "occupation"=>"", "company_name"=>"", "business_telephone"=>"", "email"=>"", "fax"=>"", "business_address"=>"", "relation"=>"", "relation2"=>"", "financial"=>""}, "1"=>{"first_name"=>"", "middle_name"=>"", "last_name"=>"", "address"=>"", "telephone"=>"", "mobile"=>"", "occupation"=>"", "company_name"=>"", "business_telephone"=>"", "email"=>"", "fax"=>"", "business_address"=>"", "relation"=>"", "relation2"=>"", "financial"=>""}}, "secondary_schools_attributes"=>{"0"=>{"name"=>"", "address"=>"", "language"=>"", "attended_from(1i)"=>"", "attended_from(2i)"=>"", "attended_from(3i)"=>"", "attended_to(1i)"=>"", "attended_to(2i)"=>"", "attended_to(3i)"=>"", "certificate_type"=>"", "graduation_date(1i)"=>"", "graduation_date(2i)"=>"", "graduation_date(3i)"=>"", "division"=>"", "school_type"=>"", "_destroy"=>"false"}}, "colleges_attributes"=>{"0"=>{"name"=>"", "faculty"=>"", "major"=>"", "city"=>"", "country"=>"", "attended_from(1i)"=>"", "attended_from(2i)"=>"", "attended_from(3i)"=>"", "attended_to(1i)"=>"", "attended_to(2i)"=>"", "attended_to(3i)"=>"", "language"=>"", "gpa"=>"", "_destroy"=>"false"}}, "works_attributes"=>{"0"=>{"employer"=>"", "worked_from(1i)"=>"", "worked_from(2i)"=>"", "worked_from(3i)"=>"", "worked_to(1i)"=>"", "worked_to(2i)"=>"", "worked_to(3i)"=>"", "tasks"=>"", "_destroy"=>"false"}}, "healths_attributes"=>{"0"=>{"illness"=>"", "description"=>"", "_destroy"=>"false"}}, "attachment_attributes"=>{"id"=>"", "school_certificates"=>"", "additional_information"=>"", "personal_experience"=>""}, "uni_related_info_attributes"=>{"uni_choice_attributes"=>{"internet"=>"0", "email"=>"0", "radio"=>"0", "school_visits"=>"0", "nile_university_faculty_and_staff"=>"0", "nile_university_student_and_alumni"=>"0", "print_advertisements"=>"0", "specify_print_advertisements"=>"", "nu_seminar_workshop_and_conference"=>"0", "specify_nu_seminar"=>"", "other"=>"0", "specify_other"=>""}, "factors"=>"", "majors"=>"", "other_universities"=>"", "other_choice_attributes"=>{"quality"=>"0", "reputation"=>"0", "facilities"=>"0", "location"=>"0", "fields_of_study"=>"0", "specify_fields_of_study"=>"", "other"=>"0", "specify_other"=>""}}}, "save"=>"Save"} and HTTP headers {"HTTP_REFERER"=>"http://example.org/applicants/new"}
REQUESTING PAGE: GET users/sign_in with {} and HTTP headers {}
REQUESTING PAGE: POST /users/sign_in with {"utf8"=>"✓", "user"=>{"email"=>"ryan@example.com", "password"=>"secret", "remember_me"=>"0"}, "commit"=>"Sign in"} and HTTP headers {"HTTP_REFERER"=>"users/sign_in"}
REQUESTING PAGE: GET http://example.org/user_root with {} and HTTP headers {"HTTP_REFERER"=>"/users/sign_in"}
REQUESTING PAGE: GET http://example.org/users/980190963 with {} and HTTP headers {"HTTP_REFERER"=>"http://example.org/user_root"}
REQUESTING PAGE: GET http://example.org/users/980190963/application with {} and HTTP headers {"HTTP_REFERER"=>"http://example.org/users/980190963"}
REQUESTING PAGE: GET http://example.org/applicants/new with {} and HTTP headers {"HTTP_REFERER"=>"http://example.org/users/980190963/application"}
REQUESTING PAGE: POST /applicants with {"utf8"=>"✓", "applicant"=>{"photo"=>"", "first_name"=>"", "middle_name"=>"Mohamed", "last_name"=>"Yassen", "date_of_birth(1i)"=>"1988", "date_of_birth(2i)"=>"3", "date_of_birth(3i)"=>"2", "place_of_birth"=>"Cairo, Egypt", "gender"=>"Male", "military_status"=>"Exempted", "national_id"=>"8375", "national_id_expiry_date(1i)"=>"2012", "national_id_expiry_date(2i)"=>"6", "national_id_expiry_date(3i)"=>"2", "passport_number"=>"989123", "country_of_issuance"=>"Egypt", "passport_expiry_date(1i)"=>"2012", "passport_expiry_date(2i)"=>"6", "passport_expiry_date(3i)"=>"2", "academic_honours"=>"", "extra_activities"=>"", "transportation"=>"Private", "addresses_attributes"=>{"0"=>{"address"=>"MyText", "telephone"=>"227722772", "mobile"=>"", "fax"=>"", "address_type"=>"Both"}, "1"=>{"address"=>"MyText", "telephone"=>"227722772", "mobile"=>"23045626", "fax"=>"", "address_type"=>"Both"}}, "admission_information_attributes"=>{"semester_id"=>"980190963", "school_id"=>"980190963", "major_id"=>"", "toefl_test_results"=>"123.0", "toefl_test_date(1i)"=>"2010", "toefl_test_date(2i)"=>"6", "toefl_test_date(3i)"=>"2", "proficiency_test"=>""}, "guardians_attributes"=>{"0"=>{"first_name"=>"Ahmed", "middle_name"=>"", "last_name"=>"alaa", "address"=>"home address street", "telephone"=>"1231221", "mobile"=>"21312083", "occupation"=>"Doctor", "company_name"=>"", "business_telephone"=>"1231221", "email"=>"email@email.com", "fax"=>"", "business_address"=>"", "relation"=>"", "relation2"=>"", "financial"=>"true"}, "1"=>{"first_name"=>"Ahmed", "middle_name"=>"", "last_name"=>"alaa", "address"=>"home address street", "telephone"=>"1231221", "mobile"=>"21312083", "occupation"=>"Doctor", "company_name"=>"", "business_telephone"=>"1231221", "email"=>"email1@email.com", "fax"=>"", "business_address"=>"", "relation"=>"", "relation2"=>"", "financial"=>"true"}}, "secondary_schools_attributes"=>{"0"=>{"name"=>"ELS", "address"=>"Nasrcity", "language"=>"English", "attended_from(1i)"=>"2005", "attended_from(2i)"=>"3", "attended_from(3i)"=>"2", "attended_to(1i)"=>"2008", "attended_to(2i)"=>"3", "attended_to(3i)"=>"3", "certificate_type"=>"IG", "graduation_date(1i)"=>"2008", "graduation_date(2i)"=>"3", "graduation_date(3i)"=>"30", "division"=>"", "school_type"=>"Private", "_destroy"=>"false"}}, "colleges_attributes"=>{"0"=>{"name"=>"ahmed", "faculty"=>"faculty", "major"=>"major", "city"=>"cairo", "country"=>"Egypt", "attended_from(1i)"=>"2008", "attended_from(2i)"=>"3", "attended_from(3i)"=>"2", "attended_to(1i)"=>"2009", "attended_to(2i)"=>"3", "attended_to(3i)"=>"3", "language"=>"English", "gpa"=>"4.0", "_destroy"=>"false"}}, "works_attributes"=>{"0"=>{"employer"=>"IT", "worked_from(1i)"=>"2010", "worked_from(2i)"=>"3", "worked_from(3i)"=>"2", "worked_to(1i)"=>"2010", "worked_to(2i)"=>"4", "worked_to(3i)"=>"2", "tasks"=>"IT", "_destroy"=>"false"}}, "healths_attributes"=>{"0"=>{"illness"=>"fever", "description"=>"", "_destroy"=>"false"}}, "attachment_attributes"=>{"id"=>"", "school_certificates"=>"", "additional_information"=>"", "personal_experience"=>""}, "uni_related_info_attributes"=>{"uni_choice_attributes"=>{"internet"=>"0", "email"=>"0", "radio"=>"0", "school_visits"=>"0", "nile_university_faculty_and_staff"=>"0", "nile_university_student_and_alumni"=>"0", "print_advertisements"=>"0", "specify_print_advertisements"=>"", "nu_seminar_workshop_and_conference"=>"0", "specify_nu_seminar"=>"", "other"=>"0", "specify_other"=>""}, "factors"=>"", "majors"=>"", "other_universities"=>"", "other_choice_attributes"=>{"quality"=>"0", "reputation"=>"0", "facilities"=>"0", "location"=>"0", "fields_of_study"=>"0", "specify_fields_of_study"=>"", "other"=>"0", "specify_other"=>""}}}, "submit"=>"Submit"} and HTTP headers {"HTTP_REFERER"=>"http://example.org/applicants/new"}
REQUESTING PAGE: GET users/sign_in with {} and HTTP headers {}
REQUESTING PAGE: POST /users/sign_in with {"utf8"=>"✓", "user"=>{"email"=>"ryan@example.com", "password"=>"secret", "remember_me"=>"0"}, "commit"=>"Sign in"} and HTTP headers {"HTTP_REFERER"=>"users/sign_in"}
REQUESTING PAGE: GET http://example.org/user_root with {} and HTTP headers {"HTTP_REFERER"=>"/users/sign_in"}
REQUESTING PAGE: GET http://example.org/users/980190963 with {} and HTTP headers {"HTTP_REFERER"=>"http://example.org/user_root"}
REQUESTING PAGE: GET http://example.org/users/980190963/application with {} and HTTP headers {"HTTP_REFERER"=>"http://example.org/users/980190963"}
REQUESTING PAGE: GET http://example.org/users/980190963 with {} and HTTP headers {"HTTP_REFERER"=>"http://example.org/users/980190963/application"}
REQUESTING PAGE: GET users/sign_in with {} and HTTP headers {}
REQUESTING PAGE: POST /users/sign_in with {"utf8"=>"✓", "user"=>{"email"=>"ryan@example.com", "password"=>"secret", "remember_me"=>"0"}, "commit"=>"Sign in"} and HTTP headers {"HTTP_REFERER"=>"users/sign_in"}
REQUESTING PAGE: GET http://example.org/user_root with {} and HTTP headers {"HTTP_REFERER"=>"/users/sign_in"}
REQUESTING PAGE: GET http://example.org/users/980190963 with {} and HTTP headers {"HTTP_REFERER"=>"http://example.org/user_root"}
REQUESTING PAGE: GET http://example.org/users/980190963/application with {} and HTTP headers {"HTTP_REFERER"=>"http://example.org/users/980190963"}
REQUESTING PAGE: GET http://example.org/applicants/new with {} and HTTP headers {"HTTP_REFERER"=>"http://example.org/users/980190963/application"}
REQUESTING PAGE: POST /applicants with {"utf8"=>"✓", "applicant"=>{"photo"=>"", "first_name"=>"", "middle_name"=>"", "last_name"=>"", "date_of_birth(1i)"=>"", "date_of_birth(2i)"=>"", "date_of_birth(3i)"=>"", "place_of_birth"=>"", "gender"=>"", "military_status"=>"Does not apply", "national_id"=>"", "national_id_expiry_date(1i)"=>"", "national_id_expiry_date(2i)"=>"", "national_id_expiry_date(3i)"=>"", "passport_number"=>"", "country_of_issuance"=>"", "passport_expiry_date(1i)"=>"", "passport_expiry_date(2i)"=>"", "passport_expiry_date(3i)"=>"", "academic_honours"=>"", "extra_activities"=>"", "transportation"=>"", "addresses_attributes"=>{"0"=>{"address"=>"", "telephone"=>"", "mobile"=>"", "fax"=>"", "address_type"=>""}, "1"=>{"address"=>"", "telephone"=>"", "mobile"=>"", "fax"=>"", "address_type"=>""}}, "admission_information_attributes"=>{"semester_id"=>"", "school_id"=>"", "major_id"=>"", "toefl_test_results"=>"", "toefl_test_date(1i)"=>"", "toefl_test_date(2i)"=>"", "toefl_test_date(3i)"=>"", "proficiency_test"=>""}, "guardians_attributes"=>{"0"=>{"first_name"=>"", "middle_name"=>"", "last_name"=>"", "address"=>"", "telephone"=>"", "mobile"=>"", "occupation"=>"", "company_name"=>"", "business_telephone"=>"", "email"=>"", "fax"=>"", "business_address"=>"", "relation"=>"", "relation2"=>"", "financial"=>""}, "1"=>{"first_name"=>"", "middle_name"=>"", "last_name"=>"", "address"=>"", "telephone"=>"", "mobile"=>"", "occupation"=>"", "company_name"=>"", "business_telephone"=>"", "email"=>"", "fax"=>"", "business_address"=>"", "relation"=>"", "relation2"=>"", "financial"=>""}}, "secondary_schools_attributes"=>{"0"=>{"name"=>"", "address"=>"", "language"=>"", "attended_from(1i)"=>"", "attended_from(2i)"=>"", "attended_from(3i)"=>"", "attended_to(1i)"=>"", "attended_to(2i)"=>"", "attended_to(3i)"=>"", "certificate_type"=>"", "graduation_date(1i)"=>"", "graduation_date(2i)"=>"", "graduation_date(3i)"=>"", "division"=>"", "school_type"=>"", "_destroy"=>"false"}}, "colleges_attributes"=>{"0"=>{"name"=>"", "faculty"=>"", "major"=>"", "city"=>"", "country"=>"", "attended_from(1i)"=>"", "attended_from(2i)"=>"", "attended_from(3i)"=>"", "attended_to(1i)"=>"", "attended_to(2i)"=>"", "attended_to(3i)"=>"", "language"=>"", "gpa"=>"", "_destroy"=>"false"}}, "works_attributes"=>{"0"=>{"employer"=>"", "worked_from(1i)"=>"", "worked_from(2i)"=>"", "worked_from(3i)"=>"", "worked_to(1i)"=>"", "worked_to(2i)"=>"", "worked_to(3i)"=>"", "tasks"=>"", "_destroy"=>"false"}}, "healths_attributes"=>{"0"=>{"illness"=>"", "description"=>"", "_destroy"=>"false"}}, "attachment_attributes"=>{"id"=>"", "school_certificates"=>"", "additional_information"=>"", "personal_experience"=>""}, "uni_related_info_attributes"=>{"uni_choice_attributes"=>{"internet"=>"0", "email"=>"0", "radio"=>"0", "school_visits"=>"0", "nile_university_faculty_and_staff"=>"0", "nile_university_student_and_alumni"=>"0", "print_advertisements"=>"0", "specify_print_advertisements"=>"", "nu_seminar_workshop_and_conference"=>"0", "specify_nu_seminar"=>"", "other"=>"0", "specify_other"=>""}, "factors"=>"", "majors"=>"", "other_universities"=>"", "other_choice_attributes"=>{"quality"=>"0", "reputation"=>"0", "facilities"=>"0", "location"=>"0", "fields_of_study"=>"0", "specify_fields_of_study"=>"", "other"=>"0", "specify_other"=>""}}}, "save"=>"Save"} and HTTP headers {"HTTP_REFERER"=>"http://example.org/applicants/new"}
REQUESTING PAGE: GET users/sign_in with {} and HTTP headers {}
REQUESTING PAGE: POST /users/sign_in with {"utf8"=>"✓", "user"=>{"email"=>"asds", "password"=>"", "remember_me"=>"0"}, "commit"=>"Sign in"} and HTTP headers {"HTTP_REFERER"=>"users/sign_in"}
REQUESTING PAGE: GET users/sign_in with {} and HTTP headers {}
REQUESTING PAGE: POST /users/sign_in with {"utf8"=>"✓", "user"=>{"email"=>"ryan@example.com", "password"=>"secret", "remember_me"=>"0"}, "commit"=>"Sign in"} and HTTP headers {"HTTP_REFERER"=>"users/sign_in"}
REQUESTING PAGE: GET http://example.org/user_root with {} and HTTP headers {"HTTP_REFERER"=>"/users/sign_in"}
REQUESTING PAGE: GET http://example.org/users/980190963 with {} and HTTP headers {"HTTP_REFERER"=>"http://example.org/user_root"}
REQUESTING PAGE: GET users/sign_in with {} and HTTP headers {}
REQUESTING PAGE: POST /users/sign_in with {"utf8"=>"✓", "user"=>{"email"=>"ryan@example.com", "password"=>"secret", "remember_me"=>"0"}, "commit"=>"Sign in"} and HTTP headers {"HTTP_REFERER"=>"users/sign_in"}
REQUESTING PAGE: GET http://example.org/user_root with {} and HTTP headers {"HTTP_REFERER"=>"/users/sign_in"}
REQUESTING PAGE: GET http://example.org/users/980190963 with {} and HTTP headers {"HTTP_REFERER"=>"http://example.org/user_root"}
REQUESTING PAGE: GET http://example.org/users/980190963/application with {} and HTTP headers {"HTTP_REFERER"=>"http://example.org/users/980190963"}
REQUESTING PAGE: GET http://example.org/users/980190963 with {} and HTTP headers {"HTTP_REFERER"=>"http://example.org/users/980190963/application"}
REQUESTING PAGE: GET users/sign_in with {} and HTTP headers {}
REQUESTING PAGE: POST /users/sign_in with {"utf8"=>"✓", "user"=>{"email"=>"ryan@example.com", "password"=>"secret", "remember_me"=>"0"}, "commit"=>"Sign in"} and HTTP headers {"HTTP_REFERER"=>"users/sign_in"}
REQUESTING PAGE: GET http://example.org/user_root with {} and HTTP headers {"HTTP_REFERER"=>"/users/sign_in"}
REQUESTING PAGE: GET http://example.org/users/980190963 with {} and HTTP headers {"HTTP_REFERER"=>"http://example.org/user_root"}
REQUESTING PAGE: GET http://example.org/users/980190963/application with {} and HTTP headers {"HTTP_REFERER"=>"http://example.org/users/980190963"}
REQUESTING PAGE: GET http://example.org/applicants/new with {} and HTTP headers {"HTTP_REFERER"=>"http://example.org/users/980190963/application"}
REQUESTING PAGE: GET users/sign_in with {} and HTTP headers {}
REQUESTING PAGE: POST /users/sign_in with {"utf8"=>"✓", "user"=>{"email"=>"ryan@example.com", "password"=>"secret", "remember_me"=>"0"}, "commit"=>"Sign in"} and HTTP headers {"HTTP_REFERER"=>"users/sign_in"}
REQUESTING PAGE: GET http://example.org/user_root with {} and HTTP headers {"HTTP_REFERER"=>"/users/sign_in"}
REQUESTING PAGE: GET http://example.org/users/980190963 with {} and HTTP headers {"HTTP_REFERER"=>"http://example.org/user_root"}
REQUESTING PAGE: GET http://example.org/users/980190963/application with {} and HTTP headers {"HTTP_REFERER"=>"http://example.org/users/980190963"}
REQUESTING PAGE: GET http://example.org/applicants/new with {} and HTTP headers {"HTTP_REFERER"=>"http://example.org/users/980190963/application"}
REQUESTING PAGE: POST /applicants with {"utf8"=>"✓", "applicant"=>{"photo"=>"", "first_name"=>"", "middle_name"=>"", "last_name"=>"", "date_of_birth(1i)"=>"", "date_of_birth(2i)"=>"", "date_of_birth(3i)"=>"", "place_of_birth"=>"", "gender"=>"", "military_status"=>"Does not apply", "national_id"=>"", "national_id_expiry_date(1i)"=>"", "national_id_expiry_date(2i)"=>"", "national_id_expiry_date(3i)"=>"", "passport_number"=>"", "country_of_issuance"=>"", "passport_expiry_date(1i)"=>"", "passport_expiry_date(2i)"=>"", "passport_expiry_date(3i)"=>"", "academic_honours"=>"", "extra_activities"=>"", "transportation"=>"", "addresses_attributes"=>{"0"=>{"address"=>"", "telephone"=>"", "mobile"=>"", "fax"=>"", "address_type"=>""}, "1"=>{"address"=>"", "telephone"=>"", "mobile"=>"", "fax"=>"", "address_type"=>""}}, "admission_information_attributes"=>{"semester_id"=>"", "school_id"=>"", "major_id"=>"", "toefl_test_results"=>"", "toefl_test_date(1i)"=>"", "toefl_test_date(2i)"=>"", "toefl_test_date(3i)"=>"", "proficiency_test"=>""}, "guardians_attributes"=>{"0"=>{"first_name"=>"", "middle_name"=>"", "last_name"=>"", "address"=>"", "telephone"=>"", "mobile"=>"", "occupation"=>"", "company_name"=>"", "business_telephone"=>"", "email"=>"", "fax"=>"", "business_address"=>"", "relation"=>"", "relation2"=>"", "financial"=>""}, "1"=>{"first_name"=>"", "middle_name"=>"", "last_name"=>"", "address"=>"", "telephone"=>"", "mobile"=>"", "occupation"=>"", "company_name"=>"", "business_telephone"=>"", "email"=>"", "fax"=>"", "business_address"=>"", "relation"=>"", "relation2"=>"", "financial"=>""}}, "secondary_schools_attributes"=>{"0"=>{"name"=>"", "address"=>"", "language"=>"", "attended_from(1i)"=>"", "attended_from(2i)"=>"", "attended_from(3i)"=>"", "attended_to(1i)"=>"", "attended_to(2i)"=>"", "attended_to(3i)"=>"", "certificate_type"=>"", "graduation_date(1i)"=>"", "graduation_date(2i)"=>"", "graduation_date(3i)"=>"", "division"=>"", "school_type"=>"", "_destroy"=>"false"}}, "colleges_attributes"=>{"0"=>{"name"=>"", "faculty"=>"", "major"=>"", "city"=>"", "country"=>"", "attended_from(1i)"=>"", "attended_from(2i)"=>"", "attended_from(3i)"=>"", "attended_to(1i)"=>"", "attended_to(2i)"=>"", "attended_to(3i)"=>"", "language"=>"", "gpa"=>"", "_destroy"=>"false"}}, "works_attributes"=>{"0"=>{"employer"=>"", "worked_from(1i)"=>"", "worked_from(2i)"=>"", "worked_from(3i)"=>"", "worked_to(1i)"=>"", "worked_to(2i)"=>"", "worked_to(3i)"=>"", "tasks"=>"", "_destroy"=>"false"}}, "healths_attributes"=>{"0"=>{"illness"=>"", "description"=>"", "_destroy"=>"false"}}, "attachment_attributes"=>{"id"=>"", "school_certificates"=>"", "additional_information"=>"", "personal_experience"=>""}, "uni_related_info_attributes"=>{"uni_choice_attributes"=>{"internet"=>"0", "email"=>"0", "radio"=>"0", "school_visits"=>"0", "nile_university_faculty_and_staff"=>"0", "nile_university_student_and_alumni"=>"0", "print_advertisements"=>"0", "specify_print_advertisements"=>"", "nu_seminar_workshop_and_conference"=>"0", "specify_nu_seminar"=>"", "other"=>"0", "specify_other"=>""}, "factors"=>"", "majors"=>"", "other_universities"=>"", "other_choice_attributes"=>{"quality"=>"0", "reputation"=>"0", "facilities"=>"0", "location"=>"0", "fields_of_study"=>"0", "specify_fields_of_study"=>"", "other"=>"0", "specify_other"=>""}}}, "save"=>"Save"} and HTTP headers {"HTTP_REFERER"=>"http://example.org/applicants/new"}
REQUESTING PAGE: GET users/sign_in with {} and HTTP headers {}
REQUESTING PAGE: POST /users/sign_in with {"utf8"=>"✓", "user"=>{"email"=>"ryan@example.com", "password"=>"secret", "remember_me"=>"0"}, "commit"=>"Sign in"} and HTTP headers {"HTTP_REFERER"=>"users/sign_in"}
REQUESTING PAGE: GET http://example.org/user_root with {} and HTTP headers {"HTTP_REFERER"=>"/users/sign_in"}
REQUESTING PAGE: GET http://example.org/users/980190963 with {} and HTTP headers {"HTTP_REFERER"=>"http://example.org/user_root"}
REQUESTING PAGE: GET http://example.org/users/980190963/application with {} and HTTP headers {"HTTP_REFERER"=>"http://example.org/users/980190963"}
REQUESTING PAGE: GET http://example.org/applicants/new with {} and HTTP headers {"HTTP_REFERER"=>"http://example.org/users/980190963/application"}
REQUESTING PAGE: POST /applicants with {"utf8"=>"✓", "applicant"=>{"photo"=>"", "first_name"=>"", "middle_name"=>"Mohamed", "last_name"=>"Yassen", "date_of_birth(1i)"=>"1988", "date_of_birth(2i)"=>"3", "date_of_birth(3i)"=>"2", "place_of_birth"=>"Cairo, Egypt", "gender"=>"Male", "military_status"=>"Exempted", "national_id"=>"8375", "national_id_expiry_date(1i)"=>"2012", "national_id_expiry_date(2i)"=>"6", "national_id_expiry_date(3i)"=>"2", "passport_number"=>"989123", "country_of_issuance"=>"Egypt", "passport_expiry_date(1i)"=>"2012", "passport_expiry_date(2i)"=>"6", "passport_expiry_date(3i)"=>"2", "academic_honours"=>"", "extra_activities"=>"", "transportation"=>"Private", "addresses_attributes"=>{"0"=>{"address"=>"MyText", "telephone"=>"227722772", "mobile"=>"", "fax"=>"", "address_type"=>"Both"}, "1"=>{"address"=>"MyText", "telephone"=>"227722772", "mobile"=>"23045626", "fax"=>"", "address_type"=>"Both"}}, "admission_information_attributes"=>{"semester_id"=>"980190963", "school_id"=>"980190963", "major_id"=>"", "toefl_test_results"=>"123.0", "toefl_test_date(1i)"=>"2010", "toefl_test_date(2i)"=>"6", "toefl_test_date(3i)"=>"2", "proficiency_test"=>""}, "guardians_attributes"=>{"0"=>{"first_name"=>"Ahmed", "middle_name"=>"", "last_name"=>"alaa", "address"=>"home address street", "telephone"=>"1231221", "mobile"=>"21312083", "occupation"=>"Doctor", "company_name"=>"", "business_telephone"=>"1231221", "email"=>"email@email.com", "fax"=>"", "business_address"=>"", "relation"=>"", "relation2"=>"", "financial"=>"true"}, "1"=>{"first_name"=>"Ahmed", "middle_name"=>"", "last_name"=>"alaa", "address"=>"home address street", "telephone"=>"1231221", "mobile"=>"21312083", "occupation"=>"Doctor", "company_name"=>"", "business_telephone"=>"1231221", "email"=>"email1@email.com", "fax"=>"", "business_address"=>"", "relation"=>"", "relation2"=>"", "financial"=>"true"}}, "secondary_schools_attributes"=>{"0"=>{"name"=>"ELS", "address"=>"Nasrcity", "language"=>"English", "attended_from(1i)"=>"2005", "attended_from(2i)"=>"3", "attended_from(3i)"=>"2", "attended_to(1i)"=>"2008", "attended_to(2i)"=>"3", "attended_to(3i)"=>"3", "certificate_type"=>"IG", "graduation_date(1i)"=>"2008", "graduation_date(2i)"=>"3", "graduation_date(3i)"=>"30", "division"=>"", "school_type"=>"Private", "_destroy"=>"false"}}, "colleges_attributes"=>{"0"=>{"name"=>"ahmed", "faculty"=>"faculty", "major"=>"major", "city"=>"cairo", "country"=>"Egypt", "attended_from(1i)"=>"2008", "attended_from(2i)"=>"3", "attended_from(3i)"=>"2", "attended_to(1i)"=>"2009", "attended_to(2i)"=>"3", "attended_to(3i)"=>"3", "language"=>"English", "gpa"=>"4.0", "_destroy"=>"false"}}, "works_attributes"=>{"0"=>{"employer"=>"IT", "worked_from(1i)"=>"2010", "worked_from(2i)"=>"3", "worked_from(3i)"=>"2", "worked_to(1i)"=>"2010", "worked_to(2i)"=>"4", "worked_to(3i)"=>"2", "tasks"=>"IT", "_destroy"=>"false"}}, "healths_attributes"=>{"0"=>{"illness"=>"fever", "description"=>"", "_destroy"=>"false"}}, "attachment_attributes"=>{"id"=>"", "school_certificates"=>"", "additional_information"=>"", "personal_experience"=>""}, "uni_related_info_attributes"=>{"uni_choice_attributes"=>{"internet"=>"0", "email"=>"0", "radio"=>"0", "school_visits"=>"0", "nile_university_faculty_and_staff"=>"0", "nile_university_student_and_alumni"=>"0", "print_advertisements"=>"0", "specify_print_advertisements"=>"", "nu_seminar_workshop_and_conference"=>"0", "specify_nu_seminar"=>"", "other"=>"0", "specify_other"=>""}, "factors"=>"", "majors"=>"", "other_universities"=>"", "other_choice_attributes"=>{"quality"=>"0", "reputation"=>"0", "facilities"=>"0", "location"=>"0", "fields_of_study"=>"0", "specify_fields_of_study"=>"", "other"=>"0", "specify_other"=>""}}}, "submit"=>"Submit"} and HTTP headers {"HTTP_REFERER"=>"http://example.org/applicants/new"}
REQUESTING PAGE: GET users/sign_in with {} and HTTP headers {}
REQUESTING PAGE: POST /users/sign_in with {"utf8"=>"✓", "user"=>{"email"=>"ryan@example.com", "password"=>"secret", "remember_me"=>"0"}, "commit"=>"Sign in"} and HTTP headers {"HTTP_REFERER"=>"users/sign_in"}
REQUESTING PAGE: GET http://example.org/user_root with {} and HTTP headers {"HTTP_REFERER"=>"/users/sign_in"}
REQUESTING PAGE: GET http://example.org/users/980190963 with {} and HTTP headers {"HTTP_REFERER"=>"http://example.org/user_root"}
REQUESTING PAGE: GET http://example.org/users/980190963/application with {} and HTTP headers {"HTTP_REFERER"=>"http://example.org/users/980190963"}
REQUESTING PAGE: GET http://example.org/applicants/new with {} and HTTP headers {"HTTP_REFERER"=>"http://example.org/users/980190963/application"}
REQUESTING PAGE: POST /applicants with {"utf8"=>"✓", "applicant"=>{"photo"=>"", "first_name"=>"", "middle_name"=>"", "last_name"=>"", "date_of_birth(1i)"=>"", "date_of_birth(2i)"=>"", "date_of_birth(3i)"=>"", "place_of_birth"=>"", "gender"=>"", "military_status"=>"Does not apply", "national_id"=>"", "national_id_expiry_date(1i)"=>"", "national_id_expiry_date(2i)"=>"", "national_id_expiry_date(3i)"=>"", "passport_number"=>"", "country_of_issuance"=>"", "passport_expiry_date(1i)"=>"", "passport_expiry_date(2i)"=>"", "passport_expiry_date(3i)"=>"", "academic_honours"=>"", "extra_activities"=>"", "transportation"=>"", "addresses_attributes"=>{"0"=>{"address"=>"", "telephone"=>"", "mobile"=>"", "fax"=>"", "address_type"=>""}, "1"=>{"address"=>"", "telephone"=>"", "mobile"=>"", "fax"=>"", "address_type"=>""}}, "admission_information_attributes"=>{"semester_id"=>"", "school_id"=>"", "major_id"=>"", "toefl_test_results"=>"", "toefl_test_date(1i)"=>"", "toefl_test_date(2i)"=>"", "toefl_test_date(3i)"=>"", "proficiency_test"=>""}, "guardians_attributes"=>{"0"=>{"first_name"=>"", "middle_name"=>"", "last_name"=>"", "address"=>"", "telephone"=>"", "mobile"=>"", "occupation"=>"", "company_name"=>"", "business_telephone"=>"", "email"=>"", "fax"=>"", "business_address"=>"", "relation"=>"", "relation2"=>"", "financial"=>""}, "1"=>{"first_name"=>"", "middle_name"=>"", "last_name"=>"", "address"=>"", "telephone"=>"", "mobile"=>"", "occupation"=>"", "company_name"=>"", "business_telephone"=>"", "email"=>"", "fax"=>"", "business_address"=>"", "relation"=>"", "relation2"=>"", "financial"=>""}}, "secondary_schools_attributes"=>{"0"=>{"name"=>"", "address"=>"", "language"=>"", "attended_from(1i)"=>"", "attended_from(2i)"=>"", "attended_from(3i)"=>"", "attended_to(1i)"=>"", "attended_to(2i)"=>"", "attended_to(3i)"=>"", "certificate_type"=>"", "graduation_date(1i)"=>"", "graduation_date(2i)"=>"", "graduation_date(3i)"=>"", "division"=>"", "school_type"=>"", "_destroy"=>"false"}}, "colleges_attributes"=>{"0"=>{"name"=>"", "faculty"=>"", "major"=>"", "city"=>"", "country"=>"", "attended_from(1i)"=>"", "attended_from(2i)"=>"", "attended_from(3i)"=>"", "attended_to(1i)"=>"", "attended_to(2i)"=>"", "attended_to(3i)"=>"", "language"=>"", "gpa"=>"", "_destroy"=>"false"}}, "works_attributes"=>{"0"=>{"employer"=>"", "worked_from(1i)"=>"", "worked_from(2i)"=>"", "worked_from(3i)"=>"", "worked_to(1i)"=>"", "worked_to(2i)"=>"", "worked_to(3i)"=>"", "tasks"=>"", "_destroy"=>"false"}}, "healths_attributes"=>{"0"=>{"illness"=>"", "description"=>"", "_destroy"=>"false"}}, "attachment_attributes"=>{"id"=>"", "school_certificates"=>"", "additional_information"=>"", "personal_experience"=>""}, "uni_related_info_attributes"=>{"uni_choice_attributes"=>{"internet"=>"0", "email"=>"0", "radio"=>"0", "school_visits"=>"0", "nile_university_faculty_and_staff"=>"0", "nile_university_student_and_alumni"=>"0", "print_advertisements"=>"0", "specify_print_advertisements"=>"", "nu_seminar_workshop_and_conference"=>"0", "specify_nu_seminar"=>"", "other"=>"0", "specify_other"=>""}, "factors"=>"", "majors"=>"", "other_universities"=>"", "other_choice_attributes"=>{"quality"=>"0", "reputation"=>"0", "facilities"=>"0", "location"=>"0", "fields_of_study"=>"0", "specify_fields_of_study"=>"", "other"=>"0", "specify_other"=>""}}}, "save"=>"Save"} and HTTP headers {"HTTP_REFERER"=>"http://example.org/applicants/new"}
REQUESTING PAGE: GET users/sign_in with {} and HTTP headers {}
REQUESTING PAGE: POST /users/sign_in with {"utf8"=>"✓", "user"=>{"email"=>"ryan@example.com", "password"=>"secret", "remember_me"=>"0"}, "commit"=>"Sign in"} and HTTP headers {"HTTP_REFERER"=>"users/sign_in"}
REQUESTING PAGE: GET http://example.org/user_root with {} and HTTP headers {"HTTP_REFERER"=>"/users/sign_in"}
REQUESTING PAGE: GET http://example.org/users/980190963 with {} and HTTP headers {"HTTP_REFERER"=>"http://example.org/user_root"}
REQUESTING PAGE: GET http://example.org/users/980190963/application with {} and HTTP headers {"HTTP_REFERER"=>"http://example.org/users/980190963"}
REQUESTING PAGE: GET http://example.org/applicants/new with {} and HTTP headers {"HTTP_REFERER"=>"http://example.org/users/980190963/application"}
REQUESTING PAGE: POST /applicants with {"utf8"=>"✓", "applicant"=>{"photo"=>"", "first_name"=>"", "middle_name"=>"", "last_name"=>"", "date_of_birth(1i)"=>"", "date_of_birth(2i)"=>"", "date_of_birth(3i)"=>"", "place_of_birth"=>"", "gender"=>"", "military_status"=>"Does not apply", "national_id"=>"", "national_id_expiry_date(1i)"=>"", "national_id_expiry_date(2i)"=>"", "national_id_expiry_date(3i)"=>"", "passport_number"=>"", "country_of_issuance"=>"", "passport_expiry_date(1i)"=>"", "passport_expiry_date(2i)"=>"", "passport_expiry_date(3i)"=>"", "academic_honours"=>"", "extra_activities"=>"", "transportation"=>"", "addresses_attributes"=>{"0"=>{"address"=>"", "telephone"=>"", "mobile"=>"", "fax"=>"", "address_type"=>""}, "1"=>{"address"=>"", "telephone"=>"", "mobile"=>"", "fax"=>"", "address_type"=>""}}, "admission_information_attributes"=>{"semester_id"=>"", "school_id"=>"", "major_id"=>"", "toefl_test_results"=>"", "toefl_test_date(1i)"=>"", "toefl_test_date(2i)"=>"", "toefl_test_date(3i)"=>"", "proficiency_test"=>""}, "guardians_attributes"=>{"0"=>{"first_name"=>"", "middle_name"=>"", "last_name"=>"", "address"=>"", "telephone"=>"", "mobile"=>"", "occupation"=>"", "company_name"=>"", "business_telephone"=>"", "email"=>"", "fax"=>"", "business_address"=>"", "relation"=>"", "relation2"=>"", "financial"=>""}, "1"=>{"first_name"=>"", "middle_name"=>"", "last_name"=>"", "address"=>"", "telephone"=>"", "mobile"=>"", "occupation"=>"", "company_name"=>"", "business_telephone"=>"", "email"=>"", "fax"=>"", "business_address"=>"", "relation"=>"", "relation2"=>"", "financial"=>""}}, "secondary_schools_attributes"=>{"0"=>{"name"=>"", "address"=>"", "language"=>"", "attended_from(1i)"=>"", "attended_from(2i)"=>"", "attended_from(3i)"=>"", "attended_to(1i)"=>"", "attended_to(2i)"=>"", "attended_to(3i)"=>"", "certificate_type"=>"", "graduation_date(1i)"=>"", "graduation_date(2i)"=>"", "graduation_date(3i)"=>"", "division"=>"", "school_type"=>"", "_destroy"=>"false"}}, "colleges_attributes"=>{"0"=>{"name"=>"", "faculty"=>"", "major"=>"", "city"=>"", "country"=>"", "attended_from(1i)"=>"", "attended_from(2i)"=>"", "attended_from(3i)"=>"", "attended_to(1i)"=>"", "attended_to(2i)"=>"", "attended_to(3i)"=>"", "language"=>"", "gpa"=>"", "_destroy"=>"false"}}, "works_attributes"=>{"0"=>{"employer"=>"", "worked_from(1i)"=>"", "worked_from(2i)"=>"", "worked_from(3i)"=>"", "worked_to(1i)"=>"", "worked_to(2i)"=>"", "worked_to(3i)"=>"", "tasks"=>"", "_destroy"=>"false"}}, "healths_attributes"=>{"0"=>{"illness"=>"", "description"=>"", "_destroy"=>"false"}}, "attachment_attributes"=>{"id"=>"", "school_certificates"=>"", "additional_information"=>"", "personal_experience"=>""}, "uni_related_info_attributes"=>{"uni_choice_attributes"=>{"internet"=>"0", "email"=>"0", "radio"=>"0", "school_visits"=>"0", "nile_university_faculty_and_staff"=>"0", "nile_university_student_and_alumni"=>"0", "print_advertisements"=>"0", "specify_print_advertisements"=>"", "nu_seminar_workshop_and_conference"=>"0", "specify_nu_seminar"=>"", "other"=>"0", "specify_other"=>""}, "factors"=>"", "majors"=>"", "other_universities"=>"", "other_choice_attributes"=>{"quality"=>"0", "reputation"=>"0", "facilities"=>"0", "location"=>"0", "fields_of_study"=>"0", "specify_fields_of_study"=>"", "other"=>"0", "specify_other"=>""}}}, "save"=>"Save"} and HTTP headers {"HTTP_REFERER"=>"http://example.org/applicants/new"}
REQUESTING PAGE: GET users/sign_in with {} and HTTP headers {}
REQUESTING PAGE: POST /users/sign_in with {"utf8"=>"✓", "user"=>{"email"=>"asds", "password"=>"", "remember_me"=>"0"}, "commit"=>"Sign in"} and HTTP headers {"HTTP_REFERER"=>"users/sign_in"}
REQUESTING PAGE: GET users/sign_in with {} and HTTP headers {}
REQUESTING PAGE: POST /users/sign_in with {"utf8"=>"✓", "user"=>{"email"=>"ryan@example.com", "password"=>"secret", "remember_me"=>"0"}, "commit"=>"Sign in"} and HTTP headers {"HTTP_REFERER"=>"users/sign_in"}
REQUESTING PAGE: GET http://example.org/user_root with {} and HTTP headers {"HTTP_REFERER"=>"/users/sign_in"}
REQUESTING PAGE: GET http://example.org/users/980190963 with {} and HTTP headers {"HTTP_REFERER"=>"http://example.org/user_root"}
